2025-11-10 00:53:54,377 - INFO - Run directory initialized at /home/polyu/pcllzy/zo_withbp/logs/exp1_bp2_zo64_split_20251110_005354
2025-11-10 00:54:04,311 - INFO - Dataset split: BP subset = 54346 samples, ZO subset = 54347 samples
2025-11-10 00:54:04,313 - INFO - BP dataloader created from split subset, batch_size: 2
2025-11-10 00:54:04,316 - INFO - Starting training run 'exp1_bp2_zo64_split' with configuration: mode=Instruct scope=full q=64 lr=0.001 epochs=2 batch_size=1 optimizer=mudamw bp_interval=1 blend_bp_gradient=True device=cuda dataset=dclm-pubmedqa-merged model_size=200M max_samples=None bp_dataset=same_as_main bp_max_samples=default
2025-11-10 00:54:04,316 - INFO - Trainable parameters: 124.44M (100.00% of total 124.44M)
2025-11-10 00:54:04,317 - INFO - ZO queries will use fresh data batches per direction from split subset (non-overlapping with BP).
2025-11-10 00:54:04,317 - INFO - BP will use separate dataset: None
2025-11-10 00:54:04,332 - INFO - Using optimizer: MuDaMW
2025-11-10 00:54:04,338 - INFO - Epoch 1/2 started
2025-11-10 00:54:48,694 - INFO - step=10 epoch=1 loss=10.317016 grad_norm=143.159576 eval_loss=N/A mode=Instruct scope=full q=64 bp_interval=1
2025-11-10 00:54:50,728 - INFO - Checkpoint saved to /home/polyu/pcllzy/zo_withbp/logs/exp1_bp2_zo64_split_20251110_005354/checkpoint
2025-11-10 00:55:33,376 - INFO - step=20 epoch=1 loss=9.976421 grad_norm=109.243046 eval_loss=N/A mode=Instruct scope=full q=64 bp_interval=1
2025-11-10 00:55:35,426 - INFO - Checkpoint saved to /home/polyu/pcllzy/zo_withbp/logs/exp1_bp2_zo64_split_20251110_005354/checkpoint
2025-11-10 00:56:18,583 - INFO - step=30 epoch=1 loss=9.653378 grad_norm=22.824977 eval_loss=N/A mode=Instruct scope=full q=64 bp_interval=1
2025-11-10 00:56:20,606 - INFO - Checkpoint saved to /home/polyu/pcllzy/zo_withbp/logs/exp1_bp2_zo64_split_20251110_005354/checkpoint
2025-11-10 00:57:07,132 - INFO - step=40 epoch=1 loss=9.570036 grad_norm=27.372040 eval_loss=N/A mode=Instruct scope=full q=64 bp_interval=1
2025-11-10 00:57:09,223 - INFO - Checkpoint saved to /home/polyu/pcllzy/zo_withbp/logs/exp1_bp2_zo64_split_20251110_005354/checkpoint
2025-11-10 00:57:55,083 - INFO - step=50 epoch=1 loss=9.642000 grad_norm=41.656990 eval_loss=N/A mode=Instruct scope=full q=64 bp_interval=1
2025-11-10 00:57:57,267 - INFO - Checkpoint saved to /home/polyu/pcllzy/zo_withbp/logs/exp1_bp2_zo64_split_20251110_005354/checkpoint
2025-11-10 00:58:44,741 - INFO - step=60 epoch=1 loss=9.387822 grad_norm=28.845901 eval_loss=N/A mode=Instruct scope=full q=64 bp_interval=1
2025-11-10 00:58:46,764 - INFO - Checkpoint saved to /home/polyu/pcllzy/zo_withbp/logs/exp1_bp2_zo64_split_20251110_005354/checkpoint
2025-11-10 00:59:30,446 - INFO - step=70 epoch=1 loss=9.312365 grad_norm=19.782292 eval_loss=N/A mode=Instruct scope=full q=64 bp_interval=1
2025-11-10 00:59:32,421 - INFO - Checkpoint saved to /home/polyu/pcllzy/zo_withbp/logs/exp1_bp2_zo64_split_20251110_005354/checkpoint
2025-11-10 01:00:11,482 - INFO - step=80 epoch=1 loss=9.279967 grad_norm=22.991215 eval_loss=N/A mode=Instruct scope=full q=64 bp_interval=1
2025-11-10 01:00:13,532 - INFO - Checkpoint saved to /home/polyu/pcllzy/zo_withbp/logs/exp1_bp2_zo64_split_20251110_005354/checkpoint
2025-11-10 01:00:49,765 - INFO - step=90 epoch=1 loss=9.490596 grad_norm=14.228945 eval_loss=N/A mode=Instruct scope=full q=64 bp_interval=1
2025-11-10 01:00:51,897 - INFO - Checkpoint saved to /home/polyu/pcllzy/zo_withbp/logs/exp1_bp2_zo64_split_20251110_005354/checkpoint
