2025-11-10 00:53:54,333 - INFO - Run directory initialized at /home/polyu/pcllzy/zo_withbp/logs/exp3_bp_only_20251110_005354
2025-11-10 00:54:04,271 - INFO - Starting training run 'exp3_bp_only' with configuration: mode=FO scope=full q=1 lr=0.001 epochs=2 batch_size=2 optimizer=mudamw bp_interval=None blend_bp_gradient=True device=cuda dataset=dclm-pubmedqa-merged model_size=200M max_samples=None bp_dataset=same_as_main bp_max_samples=default
2025-11-10 00:54:04,279 - INFO - Trainable parameters: 124.44M (100.00% of total 124.44M)
2025-11-10 00:54:04,293 - INFO - Using optimizer: MUDAMW
2025-11-10 00:54:04,296 - INFO - Epoch 1/2 started
2025-11-10 00:54:07,983 - INFO - step=10 epoch=1 loss=10.059462 grad_norm=13.789935 eval_loss=N/A mode=FO scope=full q=N/A bp_interval=N/A
2025-11-10 00:54:09,882 - INFO - Checkpoint saved to /home/polyu/pcllzy/zo_withbp/logs/exp3_bp_only_20251110_005354/checkpoint
2025-11-10 00:54:12,497 - INFO - step=20 epoch=1 loss=9.801478 grad_norm=8.569034 eval_loss=N/A mode=FO scope=full q=N/A bp_interval=N/A
2025-11-10 00:54:14,693 - INFO - Checkpoint saved to /home/polyu/pcllzy/zo_withbp/logs/exp3_bp_only_20251110_005354/checkpoint
2025-11-10 00:54:17,294 - INFO - step=30 epoch=1 loss=9.790664 grad_norm=7.228671 eval_loss=N/A mode=FO scope=full q=N/A bp_interval=N/A
2025-11-10 00:54:19,492 - INFO - Checkpoint saved to /home/polyu/pcllzy/zo_withbp/logs/exp3_bp_only_20251110_005354/checkpoint
2025-11-10 00:54:22,094 - INFO - step=40 epoch=1 loss=9.839880 grad_norm=7.471702 eval_loss=N/A mode=FO scope=full q=N/A bp_interval=N/A
2025-11-10 00:54:24,315 - INFO - Checkpoint saved to /home/polyu/pcllzy/zo_withbp/logs/exp3_bp_only_20251110_005354/checkpoint
2025-11-10 00:54:26,926 - INFO - step=50 epoch=1 loss=9.799330 grad_norm=9.012783 eval_loss=N/A mode=FO scope=full q=N/A bp_interval=N/A
2025-11-10 00:54:29,121 - INFO - Checkpoint saved to /home/polyu/pcllzy/zo_withbp/logs/exp3_bp_only_20251110_005354/checkpoint
2025-11-10 00:54:31,718 - INFO - step=60 epoch=1 loss=9.786146 grad_norm=7.127307 eval_loss=N/A mode=FO scope=full q=N/A bp_interval=N/A
2025-11-10 00:54:33,792 - INFO - Checkpoint saved to /home/polyu/pcllzy/zo_withbp/logs/exp3_bp_only_20251110_005354/checkpoint
2025-11-10 00:54:36,417 - INFO - step=70 epoch=1 loss=8.568434 grad_norm=9.244696 eval_loss=N/A mode=FO scope=full q=N/A bp_interval=N/A
2025-11-10 00:54:38,605 - INFO - Checkpoint saved to /home/polyu/pcllzy/zo_withbp/logs/exp3_bp_only_20251110_005354/checkpoint
2025-11-10 00:54:41,215 - INFO - step=80 epoch=1 loss=6.862507 grad_norm=10.536533 eval_loss=N/A mode=FO scope=full q=N/A bp_interval=N/A
2025-11-10 00:54:43,400 - INFO - Checkpoint saved to /home/polyu/pcllzy/zo_withbp/logs/exp3_bp_only_20251110_005354/checkpoint
2025-11-10 00:54:46,013 - INFO - step=90 epoch=1 loss=9.237173 grad_norm=6.941184 eval_loss=N/A mode=FO scope=full q=N/A bp_interval=N/A
2025-11-10 00:54:48,232 - INFO - Checkpoint saved to /home/polyu/pcllzy/zo_withbp/logs/exp3_bp_only_20251110_005354/checkpoint
2025-11-10 00:54:50,843 - INFO - step=100 epoch=1 loss=9.278700 grad_norm=7.946445 eval_loss=N/A mode=FO scope=full q=N/A bp_interval=N/A
2025-11-10 00:54:53,050 - INFO - Checkpoint saved to /home/polyu/pcllzy/zo_withbp/logs/exp3_bp_only_20251110_005354/checkpoint
2025-11-10 00:54:55,656 - INFO - step=110 epoch=1 loss=8.989847 grad_norm=7.307647 eval_loss=N/A mode=FO scope=full q=N/A bp_interval=N/A
2025-11-10 00:54:57,856 - INFO - Checkpoint saved to /home/polyu/pcllzy/zo_withbp/logs/exp3_bp_only_20251110_005354/checkpoint
2025-11-10 00:55:00,482 - INFO - step=120 epoch=1 loss=9.215236 grad_norm=5.601751 eval_loss=N/A mode=FO scope=full q=N/A bp_interval=N/A
2025-11-10 00:55:02,686 - INFO - Checkpoint saved to /home/polyu/pcllzy/zo_withbp/logs/exp3_bp_only_20251110_005354/checkpoint
2025-11-10 00:55:05,311 - INFO - step=130 epoch=1 loss=9.345210 grad_norm=6.734097 eval_loss=N/A mode=FO scope=full q=N/A bp_interval=N/A
2025-11-10 00:55:07,517 - INFO - Checkpoint saved to /home/polyu/pcllzy/zo_withbp/logs/exp3_bp_only_20251110_005354/checkpoint
2025-11-10 00:55:10,124 - INFO - step=140 epoch=1 loss=9.231220 grad_norm=6.515730 eval_loss=N/A mode=FO scope=full q=N/A bp_interval=N/A
2025-11-10 00:55:12,341 - INFO - Checkpoint saved to /home/polyu/pcllzy/zo_withbp/logs/exp3_bp_only_20251110_005354/checkpoint
2025-11-10 00:55:14,966 - INFO - step=150 epoch=1 loss=9.223828 grad_norm=5.404770 eval_loss=N/A mode=FO scope=full q=N/A bp_interval=N/A
2025-11-10 00:55:17,182 - INFO - Checkpoint saved to /home/polyu/pcllzy/zo_withbp/logs/exp3_bp_only_20251110_005354/checkpoint
2025-11-10 00:55:19,800 - INFO - step=160 epoch=1 loss=9.051678 grad_norm=5.675230 eval_loss=N/A mode=FO scope=full q=N/A bp_interval=N/A
2025-11-10 00:55:21,992 - INFO - Checkpoint saved to /home/polyu/pcllzy/zo_withbp/logs/exp3_bp_only_20251110_005354/checkpoint
2025-11-10 00:55:24,595 - INFO - step=170 epoch=1 loss=8.929540 grad_norm=5.619887 eval_loss=N/A mode=FO scope=full q=N/A bp_interval=N/A
2025-11-10 00:55:26,782 - INFO - Checkpoint saved to /home/polyu/pcllzy/zo_withbp/logs/exp3_bp_only_20251110_005354/checkpoint
2025-11-10 00:55:29,388 - INFO - step=180 epoch=1 loss=8.710942 grad_norm=5.439942 eval_loss=N/A mode=FO scope=full q=N/A bp_interval=N/A
2025-11-10 00:55:31,594 - INFO - Checkpoint saved to /home/polyu/pcllzy/zo_withbp/logs/exp3_bp_only_20251110_005354/checkpoint
2025-11-10 00:55:34,204 - INFO - step=190 epoch=1 loss=8.608484 grad_norm=6.053175 eval_loss=N/A mode=FO scope=full q=N/A bp_interval=N/A
2025-11-10 00:55:36,459 - INFO - Checkpoint saved to /home/polyu/pcllzy/zo_withbp/logs/exp3_bp_only_20251110_005354/checkpoint
2025-11-10 00:55:39,081 - INFO - step=200 epoch=1 loss=8.594932 grad_norm=5.071262 eval_loss=N/A mode=FO scope=full q=N/A bp_interval=N/A
2025-11-10 00:55:41,284 - INFO - Checkpoint saved to /home/polyu/pcllzy/zo_withbp/logs/exp3_bp_only_20251110_005354/checkpoint
2025-11-10 00:55:43,890 - INFO - step=210 epoch=1 loss=7.886909 grad_norm=5.181080 eval_loss=N/A mode=FO scope=full q=N/A bp_interval=N/A
2025-11-10 00:55:46,020 - INFO - Checkpoint saved to /home/polyu/pcllzy/zo_withbp/logs/exp3_bp_only_20251110_005354/checkpoint
2025-11-10 00:55:48,640 - INFO - step=220 epoch=1 loss=8.264528 grad_norm=5.108529 eval_loss=N/A mode=FO scope=full q=N/A bp_interval=N/A
2025-11-10 00:55:50,835 - INFO - Checkpoint saved to /home/polyu/pcllzy/zo_withbp/logs/exp3_bp_only_20251110_005354/checkpoint
2025-11-10 00:55:53,435 - INFO - step=230 epoch=1 loss=9.203484 grad_norm=5.553004 eval_loss=N/A mode=FO scope=full q=N/A bp_interval=N/A
2025-11-10 00:55:55,628 - INFO - Checkpoint saved to /home/polyu/pcllzy/zo_withbp/logs/exp3_bp_only_20251110_005354/checkpoint
2025-11-10 00:55:58,229 - INFO - step=240 epoch=1 loss=7.444463 grad_norm=5.213876 eval_loss=N/A mode=FO scope=full q=N/A bp_interval=N/A
2025-11-10 00:56:00,403 - INFO - Checkpoint saved to /home/polyu/pcllzy/zo_withbp/logs/exp3_bp_only_20251110_005354/checkpoint
2025-11-10 00:56:03,020 - INFO - step=250 epoch=1 loss=7.944268 grad_norm=5.005137 eval_loss=N/A mode=FO scope=full q=N/A bp_interval=N/A
2025-11-10 00:56:05,184 - INFO - Checkpoint saved to /home/polyu/pcllzy/zo_withbp/logs/exp3_bp_only_20251110_005354/checkpoint
2025-11-10 00:56:07,801 - INFO - step=260 epoch=1 loss=7.765392 grad_norm=7.654665 eval_loss=N/A mode=FO scope=full q=N/A bp_interval=N/A
2025-11-10 00:56:10,002 - INFO - Checkpoint saved to /home/polyu/pcllzy/zo_withbp/logs/exp3_bp_only_20251110_005354/checkpoint
2025-11-10 00:56:12,608 - INFO - step=270 epoch=1 loss=6.632626 grad_norm=12.266866 eval_loss=N/A mode=FO scope=full q=N/A bp_interval=N/A
2025-11-10 00:56:14,739 - INFO - Checkpoint saved to /home/polyu/pcllzy/zo_withbp/logs/exp3_bp_only_20251110_005354/checkpoint
2025-11-10 00:56:17,345 - INFO - step=280 epoch=1 loss=8.230663 grad_norm=4.231621 eval_loss=N/A mode=FO scope=full q=N/A bp_interval=N/A
2025-11-10 00:56:19,545 - INFO - Checkpoint saved to /home/polyu/pcllzy/zo_withbp/logs/exp3_bp_only_20251110_005354/checkpoint
2025-11-10 00:56:22,160 - INFO - step=290 epoch=1 loss=7.787162 grad_norm=4.126239 eval_loss=N/A mode=FO scope=full q=N/A bp_interval=N/A
2025-11-10 00:56:24,324 - INFO - Checkpoint saved to /home/polyu/pcllzy/zo_withbp/logs/exp3_bp_only_20251110_005354/checkpoint
2025-11-10 00:56:26,948 - INFO - step=300 epoch=1 loss=8.330780 grad_norm=5.794935 eval_loss=N/A mode=FO scope=full q=N/A bp_interval=N/A
2025-11-10 00:56:29,175 - INFO - Checkpoint saved to /home/polyu/pcllzy/zo_withbp/logs/exp3_bp_only_20251110_005354/checkpoint
2025-11-10 00:56:31,790 - INFO - step=310 epoch=1 loss=7.756725 grad_norm=4.148943 eval_loss=N/A mode=FO scope=full q=N/A bp_interval=N/A
2025-11-10 00:56:33,935 - INFO - Checkpoint saved to /home/polyu/pcllzy/zo_withbp/logs/exp3_bp_only_20251110_005354/checkpoint
2025-11-10 00:56:36,556 - INFO - step=320 epoch=1 loss=7.398025 grad_norm=5.354015 eval_loss=N/A mode=FO scope=full q=N/A bp_interval=N/A
2025-11-10 00:56:38,769 - INFO - Checkpoint saved to /home/polyu/pcllzy/zo_withbp/logs/exp3_bp_only_20251110_005354/checkpoint
2025-11-10 00:56:41,399 - INFO - step=330 epoch=1 loss=7.918355 grad_norm=4.628487 eval_loss=N/A mode=FO scope=full q=N/A bp_interval=N/A
2025-11-10 00:56:43,535 - INFO - Checkpoint saved to /home/polyu/pcllzy/zo_withbp/logs/exp3_bp_only_20251110_005354/checkpoint
2025-11-10 00:56:46,155 - INFO - step=340 epoch=1 loss=7.981691 grad_norm=7.093997 eval_loss=N/A mode=FO scope=full q=N/A bp_interval=N/A
2025-11-10 00:56:48,366 - INFO - Checkpoint saved to /home/polyu/pcllzy/zo_withbp/logs/exp3_bp_only_20251110_005354/checkpoint
2025-11-10 00:56:50,990 - INFO - step=350 epoch=1 loss=7.670338 grad_norm=4.266712 eval_loss=N/A mode=FO scope=full q=N/A bp_interval=N/A
2025-11-10 00:56:53,210 - INFO - Checkpoint saved to /home/polyu/pcllzy/zo_withbp/logs/exp3_bp_only_20251110_005354/checkpoint
2025-11-10 00:56:55,820 - INFO - step=360 epoch=1 loss=7.615865 grad_norm=4.500739 eval_loss=N/A mode=FO scope=full q=N/A bp_interval=N/A
2025-11-10 00:56:58,005 - INFO - Checkpoint saved to /home/polyu/pcllzy/zo_withbp/logs/exp3_bp_only_20251110_005354/checkpoint
2025-11-10 00:57:00,631 - INFO - step=370 epoch=1 loss=7.864070 grad_norm=4.751083 eval_loss=N/A mode=FO scope=full q=N/A bp_interval=N/A
2025-11-10 00:57:02,879 - INFO - Checkpoint saved to /home/polyu/pcllzy/zo_withbp/logs/exp3_bp_only_20251110_005354/checkpoint
2025-11-10 00:57:05,504 - INFO - step=380 epoch=1 loss=7.149589 grad_norm=4.182143 eval_loss=N/A mode=FO scope=full q=N/A bp_interval=N/A
2025-11-10 00:57:07,767 - INFO - Checkpoint saved to /home/polyu/pcllzy/zo_withbp/logs/exp3_bp_only_20251110_005354/checkpoint
2025-11-10 00:57:10,396 - INFO - step=390 epoch=1 loss=7.297357 grad_norm=4.237196 eval_loss=N/A mode=FO scope=full q=N/A bp_interval=N/A
2025-11-10 00:57:12,548 - INFO - Checkpoint saved to /home/polyu/pcllzy/zo_withbp/logs/exp3_bp_only_20251110_005354/checkpoint
2025-11-10 00:57:15,176 - INFO - step=400 epoch=1 loss=8.430162 grad_norm=3.674054 eval_loss=N/A mode=FO scope=full q=N/A bp_interval=N/A
2025-11-10 00:57:17,429 - INFO - Checkpoint saved to /home/polyu/pcllzy/zo_withbp/logs/exp3_bp_only_20251110_005354/checkpoint
2025-11-10 00:57:20,051 - INFO - step=410 epoch=1 loss=8.249146 grad_norm=5.708149 eval_loss=N/A mode=FO scope=full q=N/A bp_interval=N/A
2025-11-10 00:57:22,238 - INFO - Checkpoint saved to /home/polyu/pcllzy/zo_withbp/logs/exp3_bp_only_20251110_005354/checkpoint
2025-11-10 00:57:24,848 - INFO - step=420 epoch=1 loss=7.747378 grad_norm=4.037163 eval_loss=N/A mode=FO scope=full q=N/A bp_interval=N/A
2025-11-10 00:57:27,008 - INFO - Checkpoint saved to /home/polyu/pcllzy/zo_withbp/logs/exp3_bp_only_20251110_005354/checkpoint
2025-11-10 00:57:29,633 - INFO - step=430 epoch=1 loss=7.121147 grad_norm=4.653112 eval_loss=N/A mode=FO scope=full q=N/A bp_interval=N/A
2025-11-10 00:57:31,882 - INFO - Checkpoint saved to /home/polyu/pcllzy/zo_withbp/logs/exp3_bp_only_20251110_005354/checkpoint
2025-11-10 00:57:34,510 - INFO - step=440 epoch=1 loss=7.755621 grad_norm=4.081729 eval_loss=N/A mode=FO scope=full q=N/A bp_interval=N/A
2025-11-10 00:57:36,747 - INFO - Checkpoint saved to /home/polyu/pcllzy/zo_withbp/logs/exp3_bp_only_20251110_005354/checkpoint
2025-11-10 00:57:39,361 - INFO - step=450 epoch=1 loss=8.293105 grad_norm=3.804893 eval_loss=N/A mode=FO scope=full q=N/A bp_interval=N/A
2025-11-10 00:57:41,604 - INFO - Checkpoint saved to /home/polyu/pcllzy/zo_withbp/logs/exp3_bp_only_20251110_005354/checkpoint
2025-11-10 00:57:44,214 - INFO - step=460 epoch=1 loss=7.686779 grad_norm=4.395761 eval_loss=N/A mode=FO scope=full q=N/A bp_interval=N/A
2025-11-10 00:57:46,471 - INFO - Checkpoint saved to /home/polyu/pcllzy/zo_withbp/logs/exp3_bp_only_20251110_005354/checkpoint
2025-11-10 00:57:49,081 - INFO - step=470 epoch=1 loss=7.235976 grad_norm=4.297452 eval_loss=N/A mode=FO scope=full q=N/A bp_interval=N/A
2025-11-10 00:57:51,514 - INFO - Checkpoint saved to /home/polyu/pcllzy/zo_withbp/logs/exp3_bp_only_20251110_005354/checkpoint
2025-11-10 00:57:54,145 - INFO - step=480 epoch=1 loss=7.658604 grad_norm=3.977545 eval_loss=N/A mode=FO scope=full q=N/A bp_interval=N/A
2025-11-10 00:57:56,557 - INFO - Checkpoint saved to /home/polyu/pcllzy/zo_withbp/logs/exp3_bp_only_20251110_005354/checkpoint
2025-11-10 00:57:59,169 - INFO - step=490 epoch=1 loss=6.768582 grad_norm=6.642923 eval_loss=N/A mode=FO scope=full q=N/A bp_interval=N/A
2025-11-10 00:58:01,598 - INFO - Checkpoint saved to /home/polyu/pcllzy/zo_withbp/logs/exp3_bp_only_20251110_005354/checkpoint
2025-11-10 00:58:04,222 - INFO - step=500 epoch=1 loss=7.761432 grad_norm=3.349081 eval_loss=N/A mode=FO scope=full q=N/A bp_interval=N/A
2025-11-10 00:58:06,571 - INFO - Checkpoint saved to /home/polyu/pcllzy/zo_withbp/logs/exp3_bp_only_20251110_005354/checkpoint
2025-11-10 00:58:09,191 - INFO - step=510 epoch=1 loss=6.723498 grad_norm=4.249515 eval_loss=N/A mode=FO scope=full q=N/A bp_interval=N/A
2025-11-10 00:58:11,352 - INFO - Checkpoint saved to /home/polyu/pcllzy/zo_withbp/logs/exp3_bp_only_20251110_005354/checkpoint
2025-11-10 00:58:13,990 - INFO - step=520 epoch=1 loss=7.281317 grad_norm=7.348717 eval_loss=N/A mode=FO scope=full q=N/A bp_interval=N/A
2025-11-10 00:58:16,243 - INFO - Checkpoint saved to /home/polyu/pcllzy/zo_withbp/logs/exp3_bp_only_20251110_005354/checkpoint
2025-11-10 00:58:18,872 - INFO - step=530 epoch=1 loss=7.126954 grad_norm=3.562885 eval_loss=N/A mode=FO scope=full q=N/A bp_interval=N/A
2025-11-10 00:58:21,084 - INFO - Checkpoint saved to /home/polyu/pcllzy/zo_withbp/logs/exp3_bp_only_20251110_005354/checkpoint
2025-11-10 00:58:23,706 - INFO - step=540 epoch=1 loss=7.089942 grad_norm=4.244689 eval_loss=N/A mode=FO scope=full q=N/A bp_interval=N/A
2025-11-10 00:58:25,864 - INFO - Checkpoint saved to /home/polyu/pcllzy/zo_withbp/logs/exp3_bp_only_20251110_005354/checkpoint
2025-11-10 00:58:28,501 - INFO - step=550 epoch=1 loss=7.755848 grad_norm=3.649510 eval_loss=N/A mode=FO scope=full q=N/A bp_interval=N/A
2025-11-10 00:58:30,770 - INFO - Checkpoint saved to /home/polyu/pcllzy/zo_withbp/logs/exp3_bp_only_20251110_005354/checkpoint
2025-11-10 00:58:33,405 - INFO - step=560 epoch=1 loss=7.213247 grad_norm=3.589268 eval_loss=N/A mode=FO scope=full q=N/A bp_interval=N/A
2025-11-10 00:58:35,654 - INFO - Checkpoint saved to /home/polyu/pcllzy/zo_withbp/logs/exp3_bp_only_20251110_005354/checkpoint
2025-11-10 00:58:38,302 - INFO - step=570 epoch=1 loss=7.422170 grad_norm=3.793285 eval_loss=N/A mode=FO scope=full q=N/A bp_interval=N/A
2025-11-10 00:58:40,458 - INFO - Checkpoint saved to /home/polyu/pcllzy/zo_withbp/logs/exp3_bp_only_20251110_005354/checkpoint
2025-11-10 00:58:43,073 - INFO - step=580 epoch=1 loss=6.809166 grad_norm=4.213963 eval_loss=N/A mode=FO scope=full q=N/A bp_interval=N/A
2025-11-10 00:58:45,290 - INFO - Checkpoint saved to /home/polyu/pcllzy/zo_withbp/logs/exp3_bp_only_20251110_005354/checkpoint
2025-11-10 00:58:47,910 - INFO - step=590 epoch=1 loss=6.352874 grad_norm=7.341778 eval_loss=N/A mode=FO scope=full q=N/A bp_interval=N/A
2025-11-10 00:58:50,202 - INFO - Checkpoint saved to /home/polyu/pcllzy/zo_withbp/logs/exp3_bp_only_20251110_005354/checkpoint
2025-11-10 00:58:52,832 - INFO - step=600 epoch=1 loss=7.134433 grad_norm=4.355863 eval_loss=N/A mode=FO scope=full q=N/A bp_interval=N/A
2025-11-10 00:58:55,138 - INFO - Checkpoint saved to /home/polyu/pcllzy/zo_withbp/logs/exp3_bp_only_20251110_005354/checkpoint
2025-11-10 00:58:57,762 - INFO - step=610 epoch=1 loss=6.978322 grad_norm=3.792234 eval_loss=N/A mode=FO scope=full q=N/A bp_interval=N/A
2025-11-10 00:58:59,924 - INFO - Checkpoint saved to /home/polyu/pcllzy/zo_withbp/logs/exp3_bp_only_20251110_005354/checkpoint
2025-11-10 00:59:02,562 - INFO - step=620 epoch=1 loss=6.698959 grad_norm=4.243514 eval_loss=N/A mode=FO scope=full q=N/A bp_interval=N/A
2025-11-10 00:59:04,776 - INFO - Checkpoint saved to /home/polyu/pcllzy/zo_withbp/logs/exp3_bp_only_20251110_005354/checkpoint
2025-11-10 00:59:07,393 - INFO - step=630 epoch=1 loss=6.936800 grad_norm=4.013358 eval_loss=N/A mode=FO scope=full q=N/A bp_interval=N/A
2025-11-10 00:59:09,792 - INFO - Checkpoint saved to /home/polyu/pcllzy/zo_withbp/logs/exp3_bp_only_20251110_005354/checkpoint
2025-11-10 00:59:12,410 - INFO - step=640 epoch=1 loss=7.618036 grad_norm=7.176105 eval_loss=N/A mode=FO scope=full q=N/A bp_interval=N/A
2025-11-10 00:59:14,738 - INFO - Checkpoint saved to /home/polyu/pcllzy/zo_withbp/logs/exp3_bp_only_20251110_005354/checkpoint
2025-11-10 00:59:17,358 - INFO - step=650 epoch=1 loss=7.094759 grad_norm=3.597231 eval_loss=N/A mode=FO scope=full q=N/A bp_interval=N/A
2025-11-10 00:59:19,531 - INFO - Checkpoint saved to /home/polyu/pcllzy/zo_withbp/logs/exp3_bp_only_20251110_005354/checkpoint
2025-11-10 00:59:22,160 - INFO - step=660 epoch=1 loss=7.051851 grad_norm=3.866506 eval_loss=N/A mode=FO scope=full q=N/A bp_interval=N/A
2025-11-10 00:59:24,336 - INFO - Checkpoint saved to /home/polyu/pcllzy/zo_withbp/logs/exp3_bp_only_20251110_005354/checkpoint
2025-11-10 00:59:26,953 - INFO - step=670 epoch=1 loss=6.250013 grad_norm=4.062498 eval_loss=N/A mode=FO scope=full q=N/A bp_interval=N/A
2025-11-10 00:59:29,128 - INFO - Checkpoint saved to /home/polyu/pcllzy/zo_withbp/logs/exp3_bp_only_20251110_005354/checkpoint
2025-11-10 00:59:31,752 - INFO - step=680 epoch=1 loss=7.191381 grad_norm=3.375941 eval_loss=N/A mode=FO scope=full q=N/A bp_interval=N/A
2025-11-10 00:59:34,047 - INFO - Checkpoint saved to /home/polyu/pcllzy/zo_withbp/logs/exp3_bp_only_20251110_005354/checkpoint
2025-11-10 00:59:36,671 - INFO - step=690 epoch=1 loss=7.471512 grad_norm=4.075282 eval_loss=N/A mode=FO scope=full q=N/A bp_interval=N/A
2025-11-10 00:59:38,955 - INFO - Checkpoint saved to /home/polyu/pcllzy/zo_withbp/logs/exp3_bp_only_20251110_005354/checkpoint
2025-11-10 00:59:41,577 - INFO - step=700 epoch=1 loss=6.781942 grad_norm=4.963713 eval_loss=N/A mode=FO scope=full q=N/A bp_interval=N/A
2025-11-10 00:59:43,811 - INFO - Checkpoint saved to /home/polyu/pcllzy/zo_withbp/logs/exp3_bp_only_20251110_005354/checkpoint
2025-11-10 00:59:46,453 - INFO - step=710 epoch=1 loss=6.763609 grad_norm=3.622388 eval_loss=N/A mode=FO scope=full q=N/A bp_interval=N/A
2025-11-10 00:59:48,738 - INFO - Checkpoint saved to /home/polyu/pcllzy/zo_withbp/logs/exp3_bp_only_20251110_005354/checkpoint
2025-11-10 00:59:51,360 - INFO - step=720 epoch=1 loss=6.978534 grad_norm=4.395789 eval_loss=N/A mode=FO scope=full q=N/A bp_interval=N/A
2025-11-10 00:59:53,705 - INFO - Checkpoint saved to /home/polyu/pcllzy/zo_withbp/logs/exp3_bp_only_20251110_005354/checkpoint
2025-11-10 00:59:56,326 - INFO - step=730 epoch=1 loss=7.515735 grad_norm=3.456413 eval_loss=N/A mode=FO scope=full q=N/A bp_interval=N/A
2025-11-10 00:59:58,509 - INFO - Checkpoint saved to /home/polyu/pcllzy/zo_withbp/logs/exp3_bp_only_20251110_005354/checkpoint
2025-11-10 01:00:01,143 - INFO - step=740 epoch=1 loss=6.646757 grad_norm=3.455681 eval_loss=N/A mode=FO scope=full q=N/A bp_interval=N/A
2025-11-10 01:00:03,414 - INFO - Checkpoint saved to /home/polyu/pcllzy/zo_withbp/logs/exp3_bp_only_20251110_005354/checkpoint
2025-11-10 01:00:06,041 - INFO - step=750 epoch=1 loss=6.541646 grad_norm=3.935615 eval_loss=N/A mode=FO scope=full q=N/A bp_interval=N/A
2025-11-10 01:00:08,199 - INFO - Checkpoint saved to /home/polyu/pcllzy/zo_withbp/logs/exp3_bp_only_20251110_005354/checkpoint
2025-11-10 01:00:10,821 - INFO - step=760 epoch=1 loss=6.501663 grad_norm=3.280740 eval_loss=N/A mode=FO scope=full q=N/A bp_interval=N/A
2025-11-10 01:00:13,029 - INFO - Checkpoint saved to /home/polyu/pcllzy/zo_withbp/logs/exp3_bp_only_20251110_005354/checkpoint
2025-11-10 01:00:15,669 - INFO - step=770 epoch=1 loss=6.736728 grad_norm=3.473387 eval_loss=N/A mode=FO scope=full q=N/A bp_interval=N/A
2025-11-10 01:00:17,838 - INFO - Checkpoint saved to /home/polyu/pcllzy/zo_withbp/logs/exp3_bp_only_20251110_005354/checkpoint
2025-11-10 01:00:20,457 - INFO - step=780 epoch=1 loss=7.214179 grad_norm=4.087767 eval_loss=N/A mode=FO scope=full q=N/A bp_interval=N/A
2025-11-10 01:00:22,822 - INFO - Checkpoint saved to /home/polyu/pcllzy/zo_withbp/logs/exp3_bp_only_20251110_005354/checkpoint
2025-11-10 01:00:25,448 - INFO - step=790 epoch=1 loss=7.536318 grad_norm=3.493995 eval_loss=N/A mode=FO scope=full q=N/A bp_interval=N/A
2025-11-10 01:00:27,852 - INFO - Checkpoint saved to /home/polyu/pcllzy/zo_withbp/logs/exp3_bp_only_20251110_005354/checkpoint
2025-11-10 01:00:30,486 - INFO - step=800 epoch=1 loss=7.297538 grad_norm=3.355733 eval_loss=N/A mode=FO scope=full q=N/A bp_interval=N/A
2025-11-10 01:00:32,869 - INFO - Checkpoint saved to /home/polyu/pcllzy/zo_withbp/logs/exp3_bp_only_20251110_005354/checkpoint
2025-11-10 01:00:35,500 - INFO - step=810 epoch=1 loss=6.609850 grad_norm=4.067883 eval_loss=N/A mode=FO scope=full q=N/A bp_interval=N/A
2025-11-10 01:00:37,584 - INFO - Checkpoint saved to /home/polyu/pcllzy/zo_withbp/logs/exp3_bp_only_20251110_005354/checkpoint
2025-11-10 01:00:40,210 - INFO - step=820 epoch=1 loss=6.402023 grad_norm=3.677183 eval_loss=N/A mode=FO scope=full q=N/A bp_interval=N/A
2025-11-10 01:00:42,436 - INFO - Checkpoint saved to /home/polyu/pcllzy/zo_withbp/logs/exp3_bp_only_20251110_005354/checkpoint
2025-11-10 01:00:45,054 - INFO - step=830 epoch=1 loss=6.884229 grad_norm=4.146211 eval_loss=N/A mode=FO scope=full q=N/A bp_interval=N/A
2025-11-10 01:00:47,228 - INFO - Checkpoint saved to /home/polyu/pcllzy/zo_withbp/logs/exp3_bp_only_20251110_005354/checkpoint
2025-11-10 01:00:49,854 - INFO - step=840 epoch=1 loss=6.446670 grad_norm=3.290587 eval_loss=N/A mode=FO scope=full q=N/A bp_interval=N/A
2025-11-10 01:00:52,147 - INFO - Checkpoint saved to /home/polyu/pcllzy/zo_withbp/logs/exp3_bp_only_20251110_005354/checkpoint
2025-11-10 01:00:54,779 - INFO - step=850 epoch=1 loss=6.482998 grad_norm=3.717387 eval_loss=N/A mode=FO scope=full q=N/A bp_interval=N/A
2025-11-10 01:00:56,915 - INFO - Checkpoint saved to /home/polyu/pcllzy/zo_withbp/logs/exp3_bp_only_20251110_005354/checkpoint
2025-11-10 01:00:59,536 - INFO - step=860 epoch=1 loss=6.834988 grad_norm=3.627378 eval_loss=N/A mode=FO scope=full q=N/A bp_interval=N/A
2025-11-10 01:01:01,844 - INFO - Checkpoint saved to /home/polyu/pcllzy/zo_withbp/logs/exp3_bp_only_20251110_005354/checkpoint
2025-11-10 01:01:04,544 - INFO - step=870 epoch=1 loss=7.455498 grad_norm=3.288811 eval_loss=N/A mode=FO scope=full q=N/A bp_interval=N/A
2025-11-10 01:01:06,921 - INFO - Checkpoint saved to /home/polyu/pcllzy/zo_withbp/logs/exp3_bp_only_20251110_005354/checkpoint
2025-11-10 01:01:09,550 - INFO - step=880 epoch=1 loss=5.873518 grad_norm=3.989992 eval_loss=N/A mode=FO scope=full q=N/A bp_interval=N/A
2025-11-10 01:01:11,949 - INFO - Checkpoint saved to /home/polyu/pcllzy/zo_withbp/logs/exp3_bp_only_20251110_005354/checkpoint
2025-11-10 01:01:14,573 - INFO - step=890 epoch=1 loss=6.160472 grad_norm=3.958928 eval_loss=N/A mode=FO scope=full q=N/A bp_interval=N/A
2025-11-10 01:01:16,779 - INFO - Checkpoint saved to /home/polyu/pcllzy/zo_withbp/logs/exp3_bp_only_20251110_005354/checkpoint
2025-11-10 01:01:19,419 - INFO - step=900 epoch=1 loss=6.825907 grad_norm=3.267445 eval_loss=N/A mode=FO scope=full q=N/A bp_interval=N/A
2025-11-10 01:01:21,702 - INFO - Checkpoint saved to /home/polyu/pcllzy/zo_withbp/logs/exp3_bp_only_20251110_005354/checkpoint
